<?xml version="1.0" encoding="UTF-8"?>
<!-- Generated by org.testng.reporters.JUnitReportReporter -->
<testsuite hostname="DESKTOP-BJINFAG" failures="0" tests="1" name="allbase.CoreJava" time="0.022" errors="0" timestamp="19 Jun 2020 01:20:15 GMT" skipped="0">
  <testcase classname="allbase.CoreJava" name="A" time="0.022"/>
</testsuite> <!-- allbase.CoreJava -->
