<?xml version="1.0" encoding="UTF-8"?>
<!-- Generated by org.testng.reporters.JUnitReportReporter -->
<testsuite hostname="DESKTOP-BJINFAG" failures="0" tests="1" name="D1" time="11.092" errors="0" timestamp="23 Mar 2019 01:45:01 GMT" skipped="0">
  <testcase classname="D1" name="openBrowser" time="11.092"/>
</testsuite> <!-- D1 -->
